\BOOKMARK [-1][]{1.-1}{Simulador de um Ambiente Virtual Distribu\355do Multiusu\341rio para Batalhas de Tanques 3D com Intelig\352ncia Baseada em Agentes BDI}{}
\BOOKMARK [0][]{2.0}{Roteiro da Apresenta\347\343o}{1.-1}
\BOOKMARK [-1][]{3.-1}{Introdu\347\343o}{}
\BOOKMARK [0][]{4.0}{Contextualiza\347\343o}{3.-1}
\BOOKMARK [0][]{5.0}{Objetivos do Trabalho}{3.-1}
\BOOKMARK [-1][]{6.-1}{Fundamenta\347\343o Te\363rica}{}
\BOOKMARK [0][]{7.0}{Ambiente Virtual Distribu\355do}{6.-1}
\BOOKMARK [0][]{9.0}{Sistemas MultiAgentes \(SMA\)}{6.-1}
\BOOKMARK [0][]{12.0}{JMonkey Engine \(JME\)}{6.-1}
\BOOKMARK [0][]{14.0}{Trabalhos Correlatos}{6.-1}
\BOOKMARK [-1][]{15.-1}{Desenvolvimento do Simulador}{}
\BOOKMARK [0][]{16.0}{Principais Requisitos}{15.-1}
\BOOKMARK [0][]{18.0}{Especifica\347\343o}{15.-1}
\BOOKMARK [0][]{35.0}{Implementa\347\343o}{15.-1}
\BOOKMARK [0][]{39.0}{Resultados e Discuss\343o}{15.-1}
\BOOKMARK [-1][]{40.-1}{Conclus\343o}{}
\BOOKMARK [0][]{41.0}{Conclus\343o}{40.-1}
\BOOKMARK [0][]{42.0}{Extens\365es}{40.-1}
\BOOKMARK [0][]{43.0}{Estat\355sticas}{40.-1}
\BOOKMARK [0][]{44.0}{}{40.-1}
\BOOKMARK [0][]{45.0}{Suspens\343o}{40.-1}
